General Applications/Mobile/Native Android/gradle-build/project/app/build/intermediates/manifest_merge_blame_file/release/manifest-merger-blame-release-report.txt
1<?xml version="1.0" encoding="utf-8"?>
2<!--
3<manifest
4	xmlns:a='http://schemas.android.com/apk/res/android'
5	package='your.pkg.name'
6	a:versionCode='2'
7	a:versionName='0' >
8    <application a:label='@string/app_name'>
9        <activity a:name='.MainActivity'>
10             <intent-filter>
11                <category a:name='android.intent.category.LAUNCHER'/>
12                <action a:name='android.intent.action.MAIN'/>
13             </intent-filter>
14        </activity>
15    </application>
16</manifest>
17-->
18<manifest xmlns:android="http://schemas.android.com/apk/res/android"
19    package="your.pkg.name"
20    android:versionCode="1"
21    android:versionName="1.0" >
22
23    <uses-sdk
24        android:minSdkVersion="16"
24-->src/main/AndroidManifest.xml
25        android:targetSdkVersion="29" />
25-->src/main/AndroidManifest.xml
26
27    <meta-data
27-->[com.android.support:appcompat-v7:25.3.1] AndroidManifest.xml:25:5-27:34
28        android:name="android.support.VERSION"
28-->[com.android.support:appcompat-v7:25.3.1] AndroidManifest.xml:26:9-47
29        android:value="25.3.1" />
29-->[com.android.support:appcompat-v7:25.3.1] AndroidManifest.xml:27:9-31
30
31    <application android:label="@string/app_name" >
31-->src/main/AndroidManifest.xml:21:5-31:19
31-->src/main/AndroidManifest.xml:22:9-41
32        <activity android:name="your.pkg.name.MainActivity" >
32-->src/main/AndroidManifest.xml:25:9-30:20
32-->src/main/AndroidManifest.xml:25:19-47
33            <intent-filter>
33-->src/main/AndroidManifest.xml:26:13-29:29
34                <action android:name="android.intent.action.MAIN" />
34-->src/main/AndroidManifest.xml:27:17-69
34-->src/main/AndroidManifest.xml:27:25-66
35
36                <category android:name="android.intent.category.LAUNCHER" />
36-->src/main/AndroidManifest.xml:28:17-77
36-->src/main/AndroidManifest.xml:28:27-74
37            </intent-filter>
38        </activity>
39    </application>
40
41</manifest>